struct Point{
    int x;
    int y;
};

struct Point{
    int x;
    int y;
};

int f() {
    int x;
    int x;
}

int g() {
    a = 2;
}

int nonFunc(void a) {
    void b;
}

int structErr() {
    int y;
    struct Point temp;
    (temp(Point)).c = 2;
    (y(int)).c = 3;
}

int structTypeErr() {
    struct Bad hi;
}

int advancedFuncErr() {
}

int advancedFuncErr() {
    int x;
    int x;
}

int anotherFuncErr(int x) {
    int x;
}

int yetAnotherFunc(int x, int x) {
}

struct AdvancedStruct{
    int structTypeErr;
    int structTypeErr;
};

